{"G:\\UOM\\semester 5\\EAD\\Testing\\AuraMart-Frontend\\src\\components\\buyerComponents\\About.js": {"path":"G:\\UOM\\semester 5\\EAD\\Testing\\AuraMart-Frontend\\src\\components\\buyerComponents\\About.js","statementMap":{"0":{"start":{"line":17,"column":22},"end":{"line":24,"column":2}},"1":{"start":{"line":27,"column":20},"end":{"line":267,"column":1}},"2":{"start":{"line":29,"column":4},"end":{"line":266,"column":6}}},"fnMap":{"0":{"name":"(anonymous_0)","decl":{"start":{"line":27,"column":20},"end":{"line":27,"column":21}},"loc":{"start":{"line":27,"column":26},"end":{"line":267,"column":1}},"line":27}},"branchMap":{},"s":{"0":1,"1":1,"2":3},"f":{"0":3},"b":{},"_coverageSchema":"1a1c01bbd47fc00a2c39e90264f33305004495a9","hash":"9a1eb9ea906f0f67b264c20983d0df49e84dc984"}
,"G:\\UOM\\semester 5\\EAD\\Testing\\AuraMart-Frontend\\src\\components\\buyerComponents\\Cart.js": {"path":"G:\\UOM\\semester 5\\EAD\\Testing\\AuraMart-Frontend\\src\\components\\buyerComponents\\Cart.js","statementMap":{"0":{"start":{"line":9,"column":17},"end":{"line":226,"column":1}},"1":{"start":{"line":10,"column":21},"end":{"line":10,"column":37}},"2":{"start":{"line":11,"column":28},"end":{"line":11,"column":42}},"3":{"start":{"line":12,"column":48},"end":{"line":12,"column":60}},"4":{"start":{"line":13,"column":46},"end":{"line":13,"column":61}},"5":{"start":{"line":14,"column":38},"end":{"line":14,"column":49}},"6":{"start":{"line":17,"column":4},"end":{"line":40,"column":15}},"7":{"start":{"line":18,"column":26},"end":{"line":37,"column":9}},"8":{"start":{"line":19,"column":12},"end":{"line":36,"column":13}},"9":{"start":{"line":20,"column":30},"end":{"line":20,"column":40}},"10":{"start":{"line":21,"column":31},"end":{"line":26,"column":17}},"11":{"start":{"line":27,"column":33},"end":{"line":30,"column":17}},"12":{"start":{"line":31,"column":16},"end":{"line":31,"column":39}},"13":{"start":{"line":32,"column":30},"end":{"line":32,"column":48}},"14":{"start":{"line":33,"column":16},"end":{"line":33,"column":36}},"15":{"start":{"line":35,"column":16},"end":{"line":35,"column":43}},"16":{"start":{"line":39,"column":8},"end":{"line":39,"column":20}},"17":{"start":{"line":42,"column":25},"end":{"line":71,"column":5}},"18":{"start":{"line":43,"column":8},"end":{"line":70,"column":9}},"19":{"start":{"line":44,"column":26},"end":{"line":44,"column":36}},"20":{"start":{"line":45,"column":27},"end":{"line":50,"column":13}},"21":{"start":{"line":51,"column":29},"end":{"line":55,"column":13}},"22":{"start":{"line":56,"column":12},"end":{"line":67,"column":13}},"23":{"start":{"line":57,"column":36},"end":{"line":57,"column":61}},"24":{"start":{"line":58,"column":37},"end":{"line":58,"column":77}},"25":{"start":{"line":60,"column":16},"end":{"line":66,"column":20}},"26":{"start":{"line":60,"column":39},"end":{"line":66,"column":17}},"27":{"start":{"line":64,"column":34},"end":{"line":64,"column":64}},"28":{"start":{"line":69,"column":12},"end":{"line":69,"column":39}},"29":{"start":{"line":73,"column":31},"end":{"line":79,"column":5}},"30":{"start":{"line":74,"column":24},"end":{"line":74,"column":25}},"31":{"start":{"line":75,"column":8},"end":{"line":77,"column":9}},"32":{"start":{"line":75,"column":21},"end":{"line":75,"column":22}},"33":{"start":{"line":76,"column":12},"end":{"line":76,"column":63}},"34":{"start":{"line":78,"column":8},"end":{"line":78,"column":25}},"35":{"start":{"line":81,"column":30},"end":{"line":101,"column":5}},"36":{"start":{"line":82,"column":28},"end":{"line":82,"column":54}},"37":{"start":{"line":83,"column":22},"end":{"line":83,"column":32}},"38":{"start":{"line":85,"column":22},"end":{"line":100,"column":14}},"39":{"start":{"line":92,"column":16},"end":{"line":92,"column":43}},"40":{"start":{"line":93,"column":16},"end":{"line":93,"column":38}},"41":{"start":{"line":94,"column":16},"end":{"line":96,"column":25}},"42":{"start":{"line":95,"column":20},"end":{"line":95,"column":45}},"43":{"start":{"line":99,"column":16},"end":{"line":99,"column":37}},"44":{"start":{"line":103,"column":28},"end":{"line":119,"column":5}},"45":{"start":{"line":104,"column":22},"end":{"line":104,"column":32}},"46":{"start":{"line":106,"column":22},"end":{"line":118,"column":14}},"47":{"start":{"line":113,"column":16},"end":{"line":113,"column":43}},"48":{"start":{"line":114,"column":16},"end":{"line":114,"column":30}},"49":{"start":{"line":117,"column":16},"end":{"line":117,"column":37}},"50":{"start":{"line":121,"column":34},"end":{"line":123,"column":5}},"51":{"start":{"line":122,"column":8},"end":{"line":122,"column":46}},"52":{"start":{"line":125,"column":24},"end":{"line":142,"column":7}},"53":{"start":{"line":126,"column":8},"end":{"line":141,"column":12}},"54":{"start":{"line":144,"column":4},"end":{"line":225,"column":6}},"55":{"start":{"line":168,"column":44},"end":{"line":181,"column":55}},"56":{"start":{"line":177,"column":79},"end":{"line":177,"column":109}}},"fnMap":{"0":{"name":"(anonymous_0)","decl":{"start":{"line":9,"column":17},"end":{"line":9,"column":18}},"loc":{"start":{"line":9,"column":23},"end":{"line":226,"column":1}},"line":9},"1":{"name":"(anonymous_1)","decl":{"start":{"line":17,"column":14},"end":{"line":17,"column":15}},"loc":{"start":{"line":17,"column":20},"end":{"line":40,"column":5}},"line":17},"2":{"name":"(anonymous_2)","decl":{"start":{"line":18,"column":26},"end":{"line":18,"column":27}},"loc":{"start":{"line":18,"column":38},"end":{"line":37,"column":9}},"line":18},"3":{"name":"(anonymous_3)","decl":{"start":{"line":42,"column":25},"end":{"line":42,"column":26}},"loc":{"start":{"line":42,"column":46},"end":{"line":71,"column":5}},"line":42},"4":{"name":"(anonymous_4)","decl":{"start":{"line":60,"column":24},"end":{"line":60,"column":25}},"loc":{"start":{"line":60,"column":39},"end":{"line":66,"column":17}},"line":60},"5":{"name":"(anonymous_5)","decl":{"start":{"line":64,"column":24},"end":{"line":64,"column":25}},"loc":{"start":{"line":64,"column":34},"end":{"line":64,"column":64}},"line":64},"6":{"name":"(anonymous_6)","decl":{"start":{"line":73,"column":31},"end":{"line":73,"column":32}},"loc":{"start":{"line":73,"column":45},"end":{"line":79,"column":5}},"line":73},"7":{"name":"(anonymous_7)","decl":{"start":{"line":81,"column":30},"end":{"line":81,"column":31}},"loc":{"start":{"line":81,"column":42},"end":{"line":101,"column":5}},"line":81},"8":{"name":"(anonymous_8)","decl":{"start":{"line":91,"column":18},"end":{"line":91,"column":19}},"loc":{"start":{"line":91,"column":32},"end":{"line":97,"column":13}},"line":91},"9":{"name":"(anonymous_9)","decl":{"start":{"line":94,"column":27},"end":{"line":94,"column":28}},"loc":{"start":{"line":94,"column":39},"end":{"line":96,"column":17}},"line":94},"10":{"name":"(anonymous_10)","decl":{"start":{"line":98,"column":19},"end":{"line":98,"column":20}},"loc":{"start":{"line":98,"column":30},"end":{"line":100,"column":13}},"line":98},"11":{"name":"(anonymous_11)","decl":{"start":{"line":103,"column":28},"end":{"line":103,"column":29}},"loc":{"start":{"line":103,"column":40},"end":{"line":119,"column":5}},"line":103},"12":{"name":"(anonymous_12)","decl":{"start":{"line":112,"column":18},"end":{"line":112,"column":19}},"loc":{"start":{"line":112,"column":32},"end":{"line":115,"column":13}},"line":112},"13":{"name":"(anonymous_13)","decl":{"start":{"line":116,"column":19},"end":{"line":116,"column":20}},"loc":{"start":{"line":116,"column":30},"end":{"line":118,"column":13}},"line":116},"14":{"name":"(anonymous_14)","decl":{"start":{"line":121,"column":34},"end":{"line":121,"column":35}},"loc":{"start":{"line":121,"column":45},"end":{"line":123,"column":5}},"line":121},"15":{"name":"(anonymous_15)","decl":{"start":{"line":125,"column":24},"end":{"line":125,"column":25}},"loc":{"start":{"line":125,"column":43},"end":{"line":142,"column":7}},"line":125},"16":{"name":"(anonymous_16)","decl":{"start":{"line":167,"column":59},"end":{"line":167,"column":60}},"loc":{"start":{"line":168,"column":44},"end":{"line":181,"column":55}},"line":168},"17":{"name":"(anonymous_17)","decl":{"start":{"line":177,"column":73},"end":{"line":177,"column":74}},"loc":{"start":{"line":177,"column":79},"end":{"line":177,"column":109}},"line":177}},"branchMap":{"0":{"loc":{"start":{"line":56,"column":12},"end":{"line":67,"column":13}},"type":"if","locations":[{"start":{"line":56,"column":12},"end":{"line":67,"column":13}},{"start":{},"end":{}}],"line":56},"1":{"loc":{"start":{"line":153,"column":25},"end":{"line":188,"column":25}},"type":"cond-expr","locations":[{"start":{"line":154,"column":28},"end":{"line":185,"column":45}},{"start":{"line":187,"column":28},"end":{"line":187,"column":48}}],"line":153},"2":{"loc":{"start":{"line":199,"column":72},"end":{"line":199,"column":138}},"type":"cond-expr","locations":[{"start":{"line":199,"column":109},"end":{"line":199,"column":134}},{"start":{"line":199,"column":137},"end":{"line":199,"column":138}}],"line":199},"3":{"loc":{"start":{"line":199,"column":72},"end":{"line":199,"column":106}},"type":"binary-expr","locations":[{"start":{"line":199,"column":72},"end":{"line":199,"column":76}},{"start":{"line":199,"column":80},"end":{"line":199,"column":94}},{"start":{"line":199,"column":98},"end":{"line":199,"column":106}}],"line":199},"4":{"loc":{"start":{"line":203,"column":89},"end":{"line":203,"column":185}},"type":"cond-expr","locations":[{"start":{"line":203,"column":141},"end":{"line":203,"column":181}},{"start":{"line":203,"column":184},"end":{"line":203,"column":185}}],"line":203},"5":{"loc":{"start":{"line":203,"column":89},"end":{"line":203,"column":138}},"type":"binary-expr","locations":[{"start":{"line":203,"column":89},"end":{"line":203,"column":93}},{"start":{"line":203,"column":97},"end":{"line":203,"column":111}},{"start":{"line":203,"column":115},"end":{"line":203,"column":138}}],"line":203},"6":{"loc":{"start":{"line":207,"column":89},"end":{"line":207,"column":120}},"type":"cond-expr","locations":[{"start":{"line":207,"column":108},"end":{"line":207,"column":116}},{"start":{"line":207,"column":119},"end":{"line":207,"column":120}}],"line":207},"7":{"loc":{"start":{"line":207,"column":89},"end":{"line":207,"column":105}},"type":"binary-expr","locations":[{"start":{"line":207,"column":89},"end":{"line":207,"column":93}},{"start":{"line":207,"column":97},"end":{"line":207,"column":105}}],"line":207},"8":{"loc":{"start":{"line":211,"column":72},"end":{"line":211,"column":193}},"type":"cond-expr","locations":[{"start":{"line":211,"column":124},"end":{"line":211,"column":147}},{"start":{"line":211,"column":150},"end":{"line":211,"column":193}}],"line":211},"9":{"loc":{"start":{"line":211,"column":72},"end":{"line":211,"column":121}},"type":"binary-expr","locations":[{"start":{"line":211,"column":72},"end":{"line":211,"column":76}},{"start":{"line":211,"column":80},"end":{"line":211,"column":94}},{"start":{"line":211,"column":98},"end":{"line":211,"column":121}}],"line":211},"10":{"loc":{"start":{"line":211,"column":150},"end":{"line":211,"column":193}},"type":"cond-expr","locations":[{"start":{"line":211,"column":175},"end":{"line":211,"column":189}},{"start":{"line":211,"column":192},"end":{"line":211,"column":193}}],"line":211},"11":{"loc":{"start":{"line":211,"column":150},"end":{"line":211,"column":172}},"type":"binary-expr","locations":[{"start":{"line":211,"column":150},"end":{"line":211,"column":154}},{"start":{"line":211,"column":158},"end":{"line":211,"column":172}}],"line":211}},"s":{"0":0,"1":0,"2":0,"3":0,"4":0,"5":0,"6":0,"7":0,"8":0,"9":0,"10":0,"11":0,"12":0,"13":0,"14":0,"15":0,"16":0,"17":0,"18":0,"19":0,"20":0,"21":0,"22":0,"23":0,"24":0,"25":0,"26":0,"27":0,"28":0,"29":0,"30":0,"31":0,"32":0,"33":0,"34":0,"35":0,"36":0,"37":0,"38":0,"39":0,"40":0,"41":0,"42":0,"43":0,"44":0,"45":0,"46":0,"47":0,"48":0,"49":0,"50":0,"51":0,"52":0,"53":0,"54":0,"55":0,"56":0},"f":{"0":0,"1":0,"2":0,"3":0,"4":0,"5":0,"6":0,"7":0,"8":0,"9":0,"10":0,"11":0,"12":0,"13":0,"14":0,"15":0,"16":0,"17":0},"b":{"0":[0,0],"1":[0,0],"2":[0,0],"3":[0,0,0],"4":[0,0],"5":[0,0,0],"6":[0,0],"7":[0,0],"8":[0,0],"9":[0,0,0],"10":[0,0],"11":[0,0]}}
,"G:\\UOM\\semester 5\\EAD\\Testing\\AuraMart-Frontend\\src\\hooks\\useAdminSignup.js": {"path":"G:\\UOM\\semester 5\\EAD\\Testing\\AuraMart-Frontend\\src\\hooks\\useAdminSignup.js","statementMap":{"0":{"start":{"line":4,"column":30},"end":{"line":37,"column":3}},"1":{"start":{"line":5,"column":30},"end":{"line":5,"column":44}},"2":{"start":{"line":6,"column":38},"end":{"line":6,"column":52}},"3":{"start":{"line":7,"column":25},"end":{"line":7,"column":46}},"4":{"start":{"line":9,"column":24},"end":{"line":34,"column":5}},"5":{"start":{"line":10,"column":6},"end":{"line":10,"column":24}},"6":{"start":{"line":11,"column":6},"end":{"line":11,"column":20}},"7":{"start":{"line":13,"column":23},"end":{"line":17,"column":8}},"8":{"start":{"line":18,"column":19},"end":{"line":18,"column":40}},"9":{"start":{"line":20,"column":6},"end":{"line":23,"column":7}},"10":{"start":{"line":21,"column":8},"end":{"line":21,"column":27}},"11":{"start":{"line":22,"column":8},"end":{"line":22,"column":28}},"12":{"start":{"line":24,"column":6},"end":{"line":33,"column":7}},"13":{"start":{"line":26,"column":8},"end":{"line":26,"column":59}},"14":{"start":{"line":29,"column":8},"end":{"line":29,"column":48}},"15":{"start":{"line":32,"column":8},"end":{"line":32,"column":27}},"16":{"start":{"line":36,"column":4},"end":{"line":36,"column":44}}},"fnMap":{"0":{"name":"(anonymous_0)","decl":{"start":{"line":4,"column":30},"end":{"line":4,"column":31}},"loc":{"start":{"line":4,"column":36},"end":{"line":37,"column":3}},"line":4},"1":{"name":"(anonymous_1)","decl":{"start":{"line":9,"column":24},"end":{"line":9,"column":25}},"loc":{"start":{"line":9,"column":89},"end":{"line":34,"column":5}},"line":9}},"branchMap":{"0":{"loc":{"start":{"line":20,"column":6},"end":{"line":23,"column":7}},"type":"if","locations":[{"start":{"line":20,"column":6},"end":{"line":23,"column":7}},{"start":{},"end":{}}],"line":20},"1":{"loc":{"start":{"line":24,"column":6},"end":{"line":33,"column":7}},"type":"if","locations":[{"start":{"line":24,"column":6},"end":{"line":33,"column":7}},{"start":{},"end":{}}],"line":24}},"s":{"0":0,"1":0,"2":0,"3":0,"4":0,"5":0,"6":0,"7":0,"8":0,"9":0,"10":0,"11":0,"12":0,"13":0,"14":0,"15":0,"16":0},"f":{"0":0,"1":0},"b":{"0":[0,0],"1":[0,0]}}
}
